This is pdfTeX, Version 3.141592653-2.6-1.40.22 (TeX Live 2021) (preloaded format=pdflatex 2022.1.2)  2 JAN 2022 23:45
entering extended mode
 restricted \write18 enabled.
 file:line:error style messages enabled.
 %&-line parsing enabled.
**/Users/bep9001/Documents/Venus/analytics/vTokens/vTokens-report.tex
(/Users/bep9001/Documents/Venus/analytics/vTokens/vTokens-report.tex
LaTeX2e <2020-10-01> patch level 4
L3 programming layer <2021-02-18> (/usr/local/texlive/2021/texmf-dist/tex/latex/base/article.cls
Document Class: article 2020/04/10 v1.4m Standard LaTeX document class
(/usr/local/texlive/2021/texmf-dist/tex/latex/base/size12.clo
File: size12.clo 2020/04/10 v1.4m Standard LaTeX file (size option)
)
\c@part=\count179
\c@section=\count180
\c@subsection=\count181
\c@subsubsection=\count182
\c@paragraph=\count183
\c@subparagraph=\count184
\c@figure=\count185
\c@table=\count186
\abovecaptionskip=\skip47
\belowcaptionskip=\skip48
\bibindent=\dimen138
) (/usr/local/texlive/2021/texmf-dist/tex/latex/graphics/graphicx.sty
Package: graphicx 2020/09/09 v1.2b Enhanced LaTeX Graphics (DPC,SPQR)
 (/usr/local/texlive/2021/texmf-dist/tex/latex/graphics/keyval.sty
Package: keyval 2014/10/28 v1.15 key=value parser (DPC)
\KV@toks@=\toks15
) (/usr/local/texlive/2021/texmf-dist/tex/latex/graphics/graphics.sty
Package: graphics 2020/08/30 v1.4c Standard LaTeX Graphics (DPC,SPQR)
 (/usr/local/texlive/2021/texmf-dist/tex/latex/graphics/trig.sty
Package: trig 2016/01/03 v1.10 sin cos tan (DPC)
) (/usr/local/texlive/2021/texmf-dist/tex/latex/graphics-cfg/graphics.cfg
File: graphics.cfg 2016/06/04 v1.11 sample graphics configuration
)
Package graphics Info: Driver file: pdftex.def on input line 105.
 (/usr/local/texlive/2021/texmf-dist/tex/latex/graphics-def/pdftex.def
File: pdftex.def 2020/10/05 v1.2a Graphics/color driver for pdftex
))
\Gin@req@height=\dimen139
\Gin@req@width=\dimen140
) (/usr/local/texlive/2021/texmf-dist/tex/latex/parskip/parskip.sty
Package: parskip 2021-03-14 v2.0h non-zero parskip adjustments
 (/usr/local/texlive/2021/texmf-dist/tex/latex/kvoptions/kvoptions.sty
Package: kvoptions 2020-10-07 v3.14 Key value format for package options (HO)
 (/usr/local/texlive/2021/texmf-dist/tex/generic/ltxcmds/ltxcmds.sty
Package: ltxcmds 2020-05-10 v1.25 LaTeX kernel commands for general use (HO)
) (/usr/local/texlive/2021/texmf-dist/tex/generic/kvsetkeys/kvsetkeys.sty
Package: kvsetkeys 2019/12/15 v1.18 Key value parser (HO)
)) (/usr/local/texlive/2021/texmf-dist/tex/latex/etoolbox/etoolbox.sty
Package: etoolbox 2020/10/05 v2.5k e-TeX tools for LaTeX (JAW)
\etb@tempcnta=\count187
)) (/usr/local/texlive/2021/texmf-dist/tex/latex/geometry/geometry.sty
Package: geometry 2020/01/02 v5.9 Page Geometry
 (/usr/local/texlive/2021/texmf-dist/tex/generic/iftex/ifvtex.sty
Package: ifvtex 2019/10/25 v1.7 ifvtex legacy package. Use iftex instead.
 (/usr/local/texlive/2021/texmf-dist/tex/generic/iftex/iftex.sty
Package: iftex 2020/03/06 v1.0d TeX engine tests
))
\Gm@cnth=\count188
\Gm@cntv=\count189
\c@Gm@tempcnt=\count190
\Gm@bindingoffset=\dimen141
\Gm@wd@mp=\dimen142
\Gm@odd@mp=\dimen143
\Gm@even@mp=\dimen144
\Gm@layoutwidth=\dimen145
\Gm@layoutheight=\dimen146
\Gm@layouthoffset=\dimen147
\Gm@layoutvoffset=\dimen148
\Gm@dimlist=\toks16
) (/usr/local/texlive/2021/texmf-dist/tex/latex/l3backend/l3backend-pdftex.def
File: l3backend-pdftex.def 2021-03-18 L3 backend support: PDF output (pdfTeX)
\l__color_backend_stack_int=\count191
\l__pdf_internal_box=\box47
) (/Users/bep9001/Documents/Venus/analytics/vTokens/vTokens-report.aux

LaTeX Warning: Label `overflow' multiply defined.


LaTeX Warning: Label `overflow' multiply defined.


LaTeX Warning: Label `overflow' multiply defined.


LaTeX Warning: Label `overflow' multiply defined.


LaTeX Warning: Label `overflow' multiply defined.


LaTeX Warning: Label `overflow' multiply defined.


LaTeX Warning: Label `overflow' multiply defined.


LaTeX Warning: Label `overflow' multiply defined.


LaTeX Warning: Label `overflow' multiply defined.


LaTeX Warning: Label `overflow' multiply defined.


LaTeX Warning: Label `overflow' multiply defined.


LaTeX Warning: Label `overflow' multiply defined.


LaTeX Warning: Label `overflow' multiply defined.


LaTeX Warning: Label `overflow' multiply defined.


LaTeX Warning: Label `overflow' multiply defined.


LaTeX Warning: Label `overflow' multiply defined.


LaTeX Warning: Label `overflow' multiply defined.


LaTeX Warning: Label `overflow' multiply defined.


LaTeX Warning: Label `overflow' multiply defined.

)
\openout1 = `vTokens-report.aux'.

LaTeX Font Info:    Checking defaults for OML/cmm/m/it on input line 13.
LaTeX Font Info:    ... okay on input line 13.
LaTeX Font Info:    Checking defaults for OMS/cmsy/m/n on input line 13.
LaTeX Font Info:    ... okay on input line 13.
LaTeX Font Info:    Checking defaults for OT1/cmr/m/n on input line 13.
LaTeX Font Info:    ... okay on input line 13.
LaTeX Font Info:    Checking defaults for T1/cmr/m/n on input line 13.
LaTeX Font Info:    ... okay on input line 13.
LaTeX Font Info:    Checking defaults for TS1/cmr/m/n on input line 13.
LaTeX Font Info:    ... okay on input line 13.
LaTeX Font Info:    Checking defaults for OMX/cmex/m/n on input line 13.
LaTeX Font Info:    ... okay on input line 13.
LaTeX Font Info:    Checking defaults for U/cmr/m/n on input line 13.
LaTeX Font Info:    ... okay on input line 13.
 (/usr/local/texlive/2021/texmf-dist/tex/context/base/mkii/supp-pdf.mkii
[Loading MPS to PDF converter (version 2006.09.02).]
\scratchcounter=\count192
\scratchdimen=\dimen149
\scratchbox=\box48
\nofMPsegments=\count193
\nofMParguments=\count194
\everyMPshowfont=\toks17
\MPscratchCnt=\count195
\MPscratchDim=\dimen150
\MPnumerator=\count196
\makeMPintoPDFobject=\count197
\everyMPtoPDFconversion=\toks18
) (/usr/local/texlive/2021/texmf-dist/tex/latex/epstopdf-pkg/epstopdf-base.sty
Package: epstopdf-base 2020-01-24 v2.11 Base part for package epstopdf
Package epstopdf-base Info: Redefining graphics rule for `.eps' on input line 485.
 (/usr/local/texlive/2021/texmf-dist/tex/latex/latexconfig/epstopdf-sys.cfg
File: epstopdf-sys.cfg 2010/07/13 v1.3 Configuration of (r)epstopdf for TeX Live
))
*geometry* driver: auto-detecting
*geometry* detected driver: pdftex
*geometry* verbose mode - [ preamble ] result:
* driver: pdftex
* paper: <default>
* layout: <same size as paper>
* layoutoffset:(h,v)=(0.0pt,0.0pt)
* modes: 
* h-part:(L,W,R)=(115.63243pt, 383.03014pt, 115.63243pt)
* v-part:(T,H,B)=(57.81621pt, 641.75641pt, 95.39737pt)
* \paperwidth=614.295pt
* \paperheight=794.96999pt
* \textwidth=383.03014pt
* \textheight=641.75641pt
* \oddsidemargin=43.36244pt
* \evensidemargin=43.36244pt
* \topmargin=-51.45378pt
* \headheight=12.0pt
* \headsep=25.0pt
* \topskip=12.0pt
* \footskip=30.0pt
* \marginparwidth=44.0pt
* \marginparsep=10.0pt
* \columnsep=10.0pt
* \skip\footins=10.8pt plus 4.0pt minus 2.0pt
* \hoffset=0.0pt
* \voffset=0.0pt
* \mag=1000
* \@twocolumnfalse
* \@twosidefalse
* \@mparswitchfalse
* \@reversemarginfalse
* (1in=72.27pt=25.4mm, 1cm=28.453pt)

LaTeX Font Info:    External font `cmex10' loaded for size
(Font)              <14.4> on input line 15.
LaTeX Font Info:    External font `cmex10' loaded for size
(Font)              <7> on input line 15.
[1

{/usr/local/texlive/2021/texmf-var/fonts/map/pdftex/updmap/pdftex.map}]
<./assets//transfer-count.png, id=12, 325.215pt x 145.2627pt>
File: ./assets//transfer-count.png Graphic file (type png)
<use ./assets//transfer-count.png>
Package pdftex.def Info: ./assets//transfer-count.png  used on input line 46.
(pdftex.def)             Requested size: 307.14749pt x 137.20303pt.
 [2 </Users/bep9001/Documents/Venus/analytics/vTokens/./assets//transfer-count.png>]
<./assets//net-fundflow-accountdist-busd-H2-2021.png, id=18, 722.7pt x 289.08pt>
File: ./assets//net-fundflow-accountdist-busd-H2-2021.png Graphic file (type png)
<use ./assets//net-fundflow-accountdist-busd-H2-2021.png>
Package pdftex.def Info: ./assets//net-fundflow-accountdist-busd-H2-2021.png  used on input line 56.
(pdftex.def)             Requested size: 491.43787pt x 196.5762pt.

Overfull \hbox (38.74883pt too wide) in paragraph at lines 55--57
 []|  [] 
 []

LaTeX Font Info:    External font `cmex10' loaded for size
(Font)              <12> on input line 59.
LaTeX Font Info:    External font `cmex10' loaded for size
(Font)              <8> on input line 59.
LaTeX Font Info:    External font `cmex10' loaded for size
(Font)              <6> on input line 59.
LaTeX Font Info:    External font `cmex10' loaded for size
(Font)              <5> on input line 59.
[3

 </Users/bep9001/Documents/Venus/analytics/vTokens/./assets//net-fundflow-accountdist-busd-H2-2021.png>]
<./assets//net-fundflow-accountdist-vBTC-10-2021.png, id=25, 722.7pt x 180.675pt>
File: ./assets//net-fundflow-accountdist-vBTC-10-2021.png Graphic file (type png)
<use ./assets//net-fundflow-accountdist-vBTC-10-2021.png>
Package pdftex.def Info: ./assets//net-fundflow-accountdist-vBTC-10-2021.png  used on input line 75.
(pdftex.def)             Requested size: 491.43787pt x 122.86012pt.

Overfull \hbox (38.74883pt too wide) in paragraph at lines 74--77
 []|  [] 
 []

<./assets//net-fundflow-accountdist-vBTC-11-2021.png, id=26, 722.7pt x 180.675pt>
File: ./assets//net-fundflow-accountdist-vBTC-11-2021.png Graphic file (type png)
<use ./assets//net-fundflow-accountdist-vBTC-11-2021.png>
Package pdftex.def Info: ./assets//net-fundflow-accountdist-vBTC-11-2021.png  used on input line 81.
(pdftex.def)             Requested size: 491.43787pt x 122.86012pt.

Overfull \hbox (38.74883pt too wide) in paragraph at lines 80--82
 []|  [] 
 []

<./assets//net-fundflow-accountdist-vBTC-12-2021.png, id=27, 722.7pt x 180.675pt>
File: ./assets//net-fundflow-accountdist-vBTC-12-2021.png Graphic file (type png)
<use ./assets//net-fundflow-accountdist-vBTC-12-2021.png>
Package pdftex.def Info: ./assets//net-fundflow-accountdist-vBTC-12-2021.png  used on input line 86.
(pdftex.def)             Requested size: 491.43787pt x 122.86012pt.

Overfull \hbox (38.74883pt too wide) in paragraph at lines 85--87
 []|  [] 
 []

[4

 </Users/bep9001/Documents/Venus/analytics/vTokens/./assets//net-fundflow-accountdist-vBTC-10-2021.png> </Users/bep9001/Documents/Venus/analytics/vTokens/./assets//net-fundflow-accountdist-vBTC-11-2021.png> </Users/bep9001/Documents/Venus/analytics/vTokens/./assets//net-fundflow-accountdist-vBTC-12-2021.png>]
<./assets//net-fundflow-accountdist-vETH-10-2021.png, id=34, 722.7pt x 180.675pt>
File: ./assets//net-fundflow-accountdist-vETH-10-2021.png Graphic file (type png)
<use ./assets//net-fundflow-accountdist-vETH-10-2021.png>
Package pdftex.def Info: ./assets//net-fundflow-accountdist-vETH-10-2021.png  used on input line 98.
(pdftex.def)             Requested size: 491.43787pt x 122.86012pt.

Overfull \hbox (38.74883pt too wide) in paragraph at lines 97--99
 []|  [] 
 []

<./assets//net-fundflow-accountdist-vETH-11-2021.png, id=35, 722.7pt x 180.675pt>
File: ./assets//net-fundflow-accountdist-vETH-11-2021.png Graphic file (type png)
<use ./assets//net-fundflow-accountdist-vETH-11-2021.png>
Package pdftex.def Info: ./assets//net-fundflow-accountdist-vETH-11-2021.png  used on input line 103.
(pdftex.def)             Requested size: 491.43787pt x 122.86012pt.

Overfull \hbox (38.74883pt too wide) in paragraph at lines 102--104
 []|  [] 
 []

<./assets//net-fundflow-accountdist-vETH-12-2021.png, id=36, 722.7pt x 180.675pt>
File: ./assets//net-fundflow-accountdist-vETH-12-2021.png Graphic file (type png)
<use ./assets//net-fundflow-accountdist-vETH-12-2021.png>
Package pdftex.def Info: ./assets//net-fundflow-accountdist-vETH-12-2021.png  used on input line 108.
(pdftex.def)             Requested size: 491.43787pt x 122.86012pt.

Overfull \hbox (38.74883pt too wide) in paragraph at lines 107--109
 []|  [] 
 []

[5

 </Users/bep9001/Documents/Venus/analytics/vTokens/./assets//net-fundflow-accountdist-vETH-10-2021.png> </Users/bep9001/Documents/Venus/analytics/vTokens/./assets//net-fundflow-accountdist-vETH-11-2021.png> </Users/bep9001/Documents/Venus/analytics/vTokens/./assets//net-fundflow-accountdist-vETH-12-2021.png>]
<./assets//net-fundflow-accountdist-vUSDT-10-2021.png, id=43, 722.7pt x 180.675pt>
File: ./assets//net-fundflow-accountdist-vUSDT-10-2021.png Graphic file (type png)
<use ./assets//net-fundflow-accountdist-vUSDT-10-2021.png>
Package pdftex.def Info: ./assets//net-fundflow-accountdist-vUSDT-10-2021.png  used on input line 120.
(pdftex.def)             Requested size: 491.43787pt x 122.86012pt.

Overfull \hbox (38.74883pt too wide) in paragraph at lines 119--121
 []|  [] 
 []

<./assets//net-fundflow-accountdist-vUSDT-11-2021.png, id=44, 722.7pt x 180.675pt>
File: ./assets//net-fundflow-accountdist-vUSDT-11-2021.png Graphic file (type png)
<use ./assets//net-fundflow-accountdist-vUSDT-11-2021.png>
Package pdftex.def Info: ./assets//net-fundflow-accountdist-vUSDT-11-2021.png  used on input line 125.
(pdftex.def)             Requested size: 491.43787pt x 122.86012pt.

Overfull \hbox (38.74883pt too wide) in paragraph at lines 124--126
 []|  [] 
 []

<./assets//net-fundflow-accountdist-vUSDT-12-2021.png, id=45, 722.7pt x 180.675pt>
File: ./assets//net-fundflow-accountdist-vUSDT-12-2021.png Graphic file (type png)
<use ./assets//net-fundflow-accountdist-vUSDT-12-2021.png>
Package pdftex.def Info: ./assets//net-fundflow-accountdist-vUSDT-12-2021.png  used on input line 130.
(pdftex.def)             Requested size: 491.43787pt x 122.86012pt.

Overfull \hbox (38.74883pt too wide) in paragraph at lines 129--131
 []|  [] 
 []

[6

 </Users/bep9001/Documents/Venus/analytics/vTokens/./assets//net-fundflow-accountdist-vUSDT-10-2021.png> </Users/bep9001/Documents/Venus/analytics/vTokens/./assets//net-fundflow-accountdist-vUSDT-11-2021.png> </Users/bep9001/Documents/Venus/analytics/vTokens/./assets//net-fundflow-accountdist-vUSDT-12-2021.png>]
<./assets//net-fundflow-accountdist-vBUSD-10-2021.png, id=52, 722.7pt x 180.675pt>
File: ./assets//net-fundflow-accountdist-vBUSD-10-2021.png Graphic file (type png)
<use ./assets//net-fundflow-accountdist-vBUSD-10-2021.png>
Package pdftex.def Info: ./assets//net-fundflow-accountdist-vBUSD-10-2021.png  used on input line 142.
(pdftex.def)             Requested size: 491.43787pt x 122.86012pt.

Overfull \hbox (38.74883pt too wide) in paragraph at lines 141--143
 []|  [] 
 []

<./assets//net-fundflow-accountdist-vBUSD-11-2021.png, id=53, 722.7pt x 180.675pt>
File: ./assets//net-fundflow-accountdist-vBUSD-11-2021.png Graphic file (type png)
<use ./assets//net-fundflow-accountdist-vBUSD-11-2021.png>
Package pdftex.def Info: ./assets//net-fundflow-accountdist-vBUSD-11-2021.png  used on input line 147.
(pdftex.def)             Requested size: 491.43787pt x 122.86012pt.

Overfull \hbox (38.74883pt too wide) in paragraph at lines 146--148
 []|  [] 
 []

<./assets//net-fundflow-accountdist-vBUSD-12-2021.png, id=54, 722.7pt x 180.675pt>
File: ./assets//net-fundflow-accountdist-vBUSD-12-2021.png Graphic file (type png)
<use ./assets//net-fundflow-accountdist-vBUSD-12-2021.png>
Package pdftex.def Info: ./assets//net-fundflow-accountdist-vBUSD-12-2021.png  used on input line 152.
(pdftex.def)             Requested size: 491.43787pt x 122.86012pt.

Overfull \hbox (38.74883pt too wide) in paragraph at lines 151--153
 []|  [] 
 []

[7

 </Users/bep9001/Documents/Venus/analytics/vTokens/./assets//net-fundflow-accountdist-vBUSD-10-2021.png> </Users/bep9001/Documents/Venus/analytics/vTokens/./assets//net-fundflow-accountdist-vBUSD-11-2021.png> </Users/bep9001/Documents/Venus/analytics/vTokens/./assets//net-fundflow-accountdist-vBUSD-12-2021.png>]
<./assets//net-fundflow-accountdist-vDOT-10-2021.png, id=62, 722.7pt x 180.675pt>
File: ./assets//net-fundflow-accountdist-vDOT-10-2021.png Graphic file (type png)
<use ./assets//net-fundflow-accountdist-vDOT-10-2021.png>
Package pdftex.def Info: ./assets//net-fundflow-accountdist-vDOT-10-2021.png  used on input line 164.
(pdftex.def)             Requested size: 491.43787pt x 122.86012pt.

Overfull \hbox (38.74883pt too wide) in paragraph at lines 163--165
 []|  [] 
 []

<./assets//net-fundflow-accountdist-vDOT-11-2021.png, id=63, 722.7pt x 180.675pt>
File: ./assets//net-fundflow-accountdist-vDOT-11-2021.png Graphic file (type png)
<use ./assets//net-fundflow-accountdist-vDOT-11-2021.png>
Package pdftex.def Info: ./assets//net-fundflow-accountdist-vDOT-11-2021.png  used on input line 169.
(pdftex.def)             Requested size: 491.43787pt x 122.86012pt.

Overfull \hbox (38.74883pt too wide) in paragraph at lines 168--170
 []|  [] 
 []

<./assets//net-fundflow-accountdist-vDOT-12-2021.png, id=64, 722.7pt x 180.675pt>
File: ./assets//net-fundflow-accountdist-vDOT-12-2021.png Graphic file (type png)
<use ./assets//net-fundflow-accountdist-vDOT-12-2021.png>
Package pdftex.def Info: ./assets//net-fundflow-accountdist-vDOT-12-2021.png  used on input line 174.
(pdftex.def)             Requested size: 491.43787pt x 122.86012pt.

Overfull \hbox (38.74883pt too wide) in paragraph at lines 173--175
 []|  [] 
 []

[8

 </Users/bep9001/Documents/Venus/analytics/vTokens/./assets//net-fundflow-accountdist-vDOT-10-2021.png> </Users/bep9001/Documents/Venus/analytics/vTokens/./assets//net-fundflow-accountdist-vDOT-11-2021.png> </Users/bep9001/Documents/Venus/analytics/vTokens/./assets//net-fundflow-accountdist-vDOT-12-2021.png>]
<./assets//net-fundflow-accountdist-vUSDC-10-2021.png, id=71, 722.7pt x 180.675pt>
File: ./assets//net-fundflow-accountdist-vUSDC-10-2021.png Graphic file (type png)
<use ./assets//net-fundflow-accountdist-vUSDC-10-2021.png>
Package pdftex.def Info: ./assets//net-fundflow-accountdist-vUSDC-10-2021.png  used on input line 186.
(pdftex.def)             Requested size: 491.43787pt x 122.86012pt.

Overfull \hbox (38.74883pt too wide) in paragraph at lines 185--187
 []|  [] 
 []

<./assets//net-fundflow-accountdist-vUSDC-11-2021.png, id=72, 722.7pt x 180.675pt>
File: ./assets//net-fundflow-accountdist-vUSDC-11-2021.png Graphic file (type png)
<use ./assets//net-fundflow-accountdist-vUSDC-11-2021.png>
Package pdftex.def Info: ./assets//net-fundflow-accountdist-vUSDC-11-2021.png  used on input line 191.
(pdftex.def)             Requested size: 491.43787pt x 122.86012pt.

Overfull \hbox (38.74883pt too wide) in paragraph at lines 190--192
 []|  [] 
 []

<./assets//net-fundflow-accountdist-vUSDC-12-2021.png, id=73, 722.7pt x 180.675pt>
File: ./assets//net-fundflow-accountdist-vUSDC-12-2021.png Graphic file (type png)
<use ./assets//net-fundflow-accountdist-vUSDC-12-2021.png>
Package pdftex.def Info: ./assets//net-fundflow-accountdist-vUSDC-12-2021.png  used on input line 196.
(pdftex.def)             Requested size: 491.43787pt x 122.86012pt.

Overfull \hbox (38.74883pt too wide) in paragraph at lines 195--197
 []|  [] 
 []

[9

 </Users/bep9001/Documents/Venus/analytics/vTokens/./assets//net-fundflow-accountdist-vUSDC-10-2021.png> </Users/bep9001/Documents/Venus/analytics/vTokens/./assets//net-fundflow-accountdist-vUSDC-11-2021.png> </Users/bep9001/Documents/Venus/analytics/vTokens/./assets//net-fundflow-accountdist-vUSDC-12-2021.png>] [10

] (/Users/bep9001/Documents/Venus/analytics/vTokens/vTokens-report.aux)

LaTeX Warning: There were multiply-defined labels.

 ) 
Here is how much of TeX's memory you used:
 2515 strings out of 478994
 42151 string characters out of 5858185
 338099 words of memory out of 5000000
 19984 multiletter control sequences out of 15000+600000
 409236 words of font info for 46 fonts, out of 8000000 for 9000
 1141 hyphenation exceptions out of 8191
 68i,8n,74p,694b,232s stack positions out of 5000i,500n,10000p,200000b,80000s
{/usr/local/texlive/2021/texmf-dist/fonts/enc/dvips/cm-super/cm-super-ts1.enc}</usr/local/texlive/2021/texmf-dist/fonts/type1/public/amsfonts/cm/cmbx10.pfb></usr/local/texlive/2021/texmf-dist/fonts/type1/public/amsfonts/cm/cmbx12.pfb></usr/local/texlive/2021/texmf-dist/fonts/type1/public/amsfonts/cm/cmr10.pfb></usr/local/texlive/2021/texmf-dist/fonts/type1/public/amsfonts/cm/cmr12.pfb></usr/local/texlive/2021/texmf-dist/fonts/type1/public/amsfonts/cm/cmr17.pfb></usr/local/texlive/2021/texmf-dist/fonts/type1/public/amsfonts/cm/cmr7.pfb></usr/local/texlive/2021/texmf-dist/fonts/type1/public/amsfonts/cm/cmr8.pfb></usr/local/texlive/2021/texmf-dist/fonts/type1/public/cm-super/sfrm1200.pfb>
Output written on /Users/bep9001/Documents/Venus/analytics/vTokens/vTokens-report.pdf (10 pages, 312312 bytes).
PDF statistics:
 111 PDF objects out of 1000 (max. 8388607)
 50 compressed objects within 1 object stream
 0 named destinations out of 1000 (max. 500000)
 101 words of extra memory for PDF output out of 10000 (max. 10000000)

